2017-05-15 14:30:05.888,{"itemno":389,"orderid":702,"productid":"196","productname":"Balanced Pro","age":"57","gender":"Female","linetotal":"199","subtotal":"199"}
2017-05-20 12:52:58.138,{"itemno":405,"orderid":721,"productid":"194","productname":"Balanced Weight Control","age":"60","gender":"Female","linetotal":"99","subtotal":"99"}
{"itemno":409,"orderid":730,"productid":"194","productname":"Balanced Weight Control","age":"46","gender":"Female","linetotal":"99","subtotal":"99"}
{"itemno":417,"orderid":735,"productid":"194","productname":"Balanced Weight Control","age":"41","gender":"Female","linetotal":"99","subtotal":"99"}
{"itemno":448,"orderid":756,"productid":"196","productname":"Balanced Pro","age":"19","gender":"Female","linetotal":"0","subtotal":"199"}
{"itemno":444,"orderid":755,"productid":"196","productname":"Balanced Pro","age":"33","gender":"Female","linetotal":"0","subtotal":"199"}
{"itemno":314,"orderno":551,"productid":"196","productname":"Balanced Pro","linetotal":"199","subtotal":"199"}
{"itemno":287,"orderno":509,"productid":"196","productname":"Balanced Pro","linetotal":"199","subtotal":"199"}
{"itemno":254,"orderno":465,"productid":"195","productname":"Balanced Perform","linetotal":"149","subtotal":"149"}
{"itemno":289,"orderno":510,"productid":"196","productname":"Balanced Pro","linetotal":"199","subtotal":"199"}
{"itemno":310,"orderno":541,"productid":"196","productname":"Balanced Pro","linetotal":"199","subtotal":"199"}
{"itemno":227,"orderno":454,"productid":"196","productname":"Balanced Pro","linetotal":"199","subtotal":"199"}
{"itemno":254,"orderno":465,"productid":"195","productname":"Balanced Perform","linetotal":"149","subtotal":"149"}
{"itemno":254,"orderno":465,"productid":"195","productname":"Balanced Perform","linetotal":"149","subtotal":"149"}
{"itemno":316,"orderno":553,"productid":"194","productname":"Balanced Weight Control","linetotal":"99","subtotal":"99"}
{"itemno":312,"orderno":543,"productid":"196","productname":"Balanced Pro","linetotal":"199","subtotal":"199"}
{"itemno":287,"orderno":509,"productid":"196","productname":"Balanced Pro","linetotal":"199","subtotal":"199"}
{"itemno":328,"orderno":560,"productid":"196","productname":"Balanced Pro","linetotal":"199","subtotal":"199"}
{"itemno":254,"orderno":465,"productid":"195","productname":"Balanced Perform","linetotal":"149","subtotal":"149"}
{"itemno":254,"orderno":465,"productid":"195","productname":"Balanced Perform","linetotal":"149","subtotal":"149"}
{"itemno":310,"orderno":541,"productid":"196","productname":"Balanced Pro","linetotal":"199","subtotal":"199"}
{"itemno":312,"orderno":543,"productid":"196","productname":"Balanced Pro","linetotal":"199","subtotal":"199"}
{"itemno":314,"orderno":551,"productid":"196","productname":"Balanced Pro","linetotal":"199","subtotal":"199"}
{"itemno":256,"orderno":466,"productid":"196","productname":"Balanced Pro","linetotal":"199","subtotal":"199"}
{"itemno":316,"orderno":553,"productid":"194","productname":"Balanced Weight Control","linetotal":"99","subtotal":"99"}
{"itemno":227,"orderno":454,"productid":"196","productname":"Balanced Pro","linetotal":"199","subtotal":"199"}
{"itemno":328,"orderno":560,"productid":"196","productname":"Balanced Pro","linetotal":"199","subtotal":"199"}
{"itemno":291,"orderno":514,"productid":"194","productname":"Balanced Weight Control","linetotal":"89.1","subtotal":"99"}
{"itemno":256,"orderno":466,"productid":"196","productname":"Balanced Pro","linetotal":"199","subtotal":"199"}
{"itemno":310,"orderno":541,"productid":"196","productname":"Balanced Pro","linetotal":"199","subtotal":"199"}
{"itemno":227,"orderno":454,"productid":"196","productname":"Balanced Pro","linetotal":"199","subtotal":"199"}
{"itemno":322,"orderno":555,"productid":"196","productname":"Balanced Pro","linetotal":"199","subtotal":"199"}
{"itemno":333,"orderno":561,"productid":"194","productname":"Balanced Weight Control","linetotal":"99","subtotal":"99"}
{"itemno":312,"orderno":543,"productid":"196","productname":"Balanced Pro","linetotal":"199","subtotal":"199"}
{"itemno":335,"orderno":562,"productid":"196","productname":"Balanced Pro","linetotal":"199","subtotal":"199"}
{"itemno":336,"orderno":563,"productid":"196","productname":"Balanced Pro","linetotal":"199","subtotal":"199"}
{"itemno":314,"orderno":551,"productid":"196","productname":"Balanced Pro","linetotal":"199","subtotal":"199"}
{"itemno":316,"orderno":553,"productid":"194","productname":"Balanced Weight Control","linetotal":"99","subtotal":"99"}
{"itemno":254,"orderno":465,"productid":"195","productname":"Balanced Perform","linetotal":"149","subtotal":"149"}
{"itemno":314,"orderno":551,"productid":"196","productname":"Balanced Pro","linetotal":"199","subtotal":"199"}
{"itemno":254,"orderno":465,"productid":"195","productname":"Balanced Perform","linetotal":"149","subtotal":"149"}
{"itemno":254,"orderno":465,"productid":"195","productname":"Balanced Perform","linetotal":"149","subtotal":"149"}
{"itemno":289,"orderno":510,"productid":"196","productname":"Balanced Pro","linetotal":"199","subtotal":"199"}
{"itemno":314,"orderno":551,"productid":"196","productname":"Balanced Pro","linetotal":"199","subtotal":"199"}
{"itemno":291,"orderno":514,"productid":"194","productname":"Balanced Weight Control","linetotal":"89.1","subtotal":"99"}
{"itemno":287,"orderno":509,"productid":"196","productname":"Balanced Pro","linetotal":"199","subtotal":"199"}
{"itemno":227,"orderno":454,"productid":"196","productname":"Balanced Pro","linetotal":"199","subtotal":"199"}
{"itemno":316,"orderno":553,"productid":"194","productname":"Balanced Weight Control","linetotal":"99","subtotal":"99"}
{"itemno":254,"orderno":465,"productid":"195","productname":"Balanced Perform","linetotal":"149","subtotal":"149"}
{"itemno":254,"orderno":465,"productid":"195","productname":"Balanced Perform","linetotal":"149","subtotal":"149"}
{"itemno":312,"orderno":543,"productid":"196","productname":"Balanced Pro","linetotal":"199","subtotal":"199"}
{"itemno":289,"orderno":510,"productid":"196","productname":"Balanced Pro","linetotal":"199","subtotal":"199"}
{"itemno":314,"orderno":551,"productid":"196","productname":"Balanced Pro","linetotal":"199","subtotal":"199"}
{"itemno":322,"orderno":555,"productid":"196","productname":"Balanced Pro","linetotal":"199","subtotal":"199"}
{"itemno":310,"orderno":541,"productid":"196","productname":"Balanced Pro","linetotal":"199","subtotal":"199"}
{"itemno":342,"orderno":575,"productid":"195","productname":"Balanced Perform","linetotal":"298","subtotal":"298"}
{"itemno":342,"orderno":575,"productid":"195","productname":"Balanced Perform","linetotal":"298","subtotal":"298"}
{"itemno":291,"orderno":514,"productid":"194","productname":"Balanced Weight Control","linetotal":"89.1","subtotal":"99"}
{"itemno":287,"orderno":509,"productid":"196","productname":"Balanced Pro","linetotal":"199","subtotal":"199"}
{"itemno":227,"orderno":454,"productid":"196","productname":"Balanced Pro","linetotal":"199","subtotal":"199"}
{"itemno":333,"orderno":561,"productid":"194","productname":"Balanced Weight Control","linetotal":"99","subtotal":"99"}
{"itemno":256,"orderno":466,"productid":"196","productname":"Balanced Pro","linetotal":"199","subtotal":"199"}
{"itemno":316,"orderno":553,"productid":"194","productname":"Balanced Weight Control","linetotal":"99","subtotal":"99"}
{"itemno":346,"orderno":579,"productid":"196","productname":"Balanced Pro","linetotal":"199","subtotal":"199"}
{"itemno":349,"orderno":583,"productid":"196","productname":"Balanced Pro","linetotal":"199","subtotal":"199"}
{"itemno":363,"orderno":591,"productid":"196","productname":"Balanced Pro","linetotal":"199","subtotal":"199"}
{"itemno":347,"orderno":580,"productid":"196","productname":"Balanced Pro","linetotal":"199","subtotal":"199"}
{"itemno":345,"orderno":578,"productid":"196","productname":"Balanced Pro","linetotal":"199","subtotal":"199"}
{"itemno":352,"orderno":584,"productid":"196","productname":"Balanced Pro","linetotal":"199","subtotal":"199"}
{"itemno":372,"orderno":659,"productid":"196","productname":"Balanced Pro","linetotal":"0","subtotal":"199"}
{"itemno":368,"orderno":650,"productid":"196","productname":"Balanced Pro","linetotal":"0","subtotal":"199"}
{"itemno":336,"orderno":563,"productid":"196","productname":"Balanced Pro","linetotal":"199","subtotal":"199"}
{"itemno":378,"orderno":660,"productid":"194","productname":"Balanced Weight Control","linetotal":"89","subtotal":"99"}
{"itemno":384,"orderno":697,"productid":"196","productname":"Balanced Pro","linetotal":"0","subtotal":"199"}
{"itemno":365,"orderno":592,"productid":"194","productname":"Balanced Weight Control","linetotal":"89","subtotal":"99"}
{"itemno":395,"orderno":712,"productid":"196","productname":"Balanced Pro","linetotal":"199","subtotal":"199"}
{"itemno":387,"orderno":701,"productid":"194","productname":"Balanced Weight Control","linetotal":"99","subtotal":"99"}
{"itemno":344,"orderno":577,"productid":"196","productname":"Balanced Pro","linetotal":"199","subtotal":"199"}
{"itemno":389,"orderno":702,"productid":"196","productname":"Balanced Pro","linetotal":"199","subtotal":"199"}
{"itemno":381,"orderno":696,"productid":"196","productname":"Balanced Pro","linetotal":"0","subtotal":"199"}
{"itemno":391,"orderno":709,"productid":"194","productname":"Balanced Weight Control","linetotal":"99","subtotal":"99"}
{"itemno":393,"orderno":711,"productid":"194","productname":"Balanced Weight Control","linetotal":"99","subtotal":"99"}
{"itemno":397,"orderno":718,"productid":"196","productname":"Balanced Pro","linetotal":"199","subtotal":"199"}
{"itemno":403,"orderno":720,"productid":"196","productname":"Balanced Pro","linetotal":"199","subtotal":"199"}
{"itemno":423,"orderno":736,"productid":"194","productname":"Balanced Weight Control","linetotal":"188","subtotal":"198"}
{"itemno":423,"orderno":736,"productid":"194","productname":"Balanced Weight Control","linetotal":"188","subtotal":"198"}
{"itemno":407,"orderno":728,"productid":"194","productname":"Balanced Weight Control","linetotal":"99","subtotal":"99"}
{"itemno":405,"orderno":721,"productid":"194","productname":"Balanced Weight Control","linetotal":"99","subtotal":"99"}
{"itemno":431,"orderno":737,"productid":"194","productname":"Balanced Weight Control","linetotal":"94","subtotal":"99"}
{"itemno":438,"orderno":739,"productid":"194","productname":"Balanced Weight Control","linetotal":"89","subtotal":"99"}
{"itemno":328,"orderno":560,"productid":"196","productname":"Balanced Pro","linetotal":"199","subtotal":"199"}
{"itemno":444,"orderno":755,"productid":"196","productname":"Balanced Pro","linetotal":"0","subtotal":"199"}
{"itemno":417,"orderno":735,"productid":"194","productname":"Balanced Weight Control","linetotal":"99","subtotal":"99"}
{"itemno":335,"orderno":562,"productid":"196","productname":"Balanced Pro","linetotal":"199","subtotal":"199"}
{"itemno":441,"orderno":749,"productid":"194","productname":"Balanced Weight Control","linetotal":"94","subtotal":"99"}
{"itemno":454,"orderno":766,"productid":"194","productname":"Balanced Weight Control","linetotal":"99","subtotal":"99"}
{"itemno":464,"orderno":770,"productid":"194","productname":"Balanced Weight Control","linetotal":"99","subtotal":"99"}
{"itemno":466,"orderno":772,"productid":"195","productname":"Balanced Perform","linetotal":"119","subtotal":"149"}
{"itemno":436,"orderno":738,"productid":"194","productname":"Balanced Weight Control","linetotal":"99","subtotal":"99"}
{"itemno":469,"orderno":773,"productid":"194","productname":"Balanced Weight Control","linetotal":"99","subtotal":"99"}
{"itemno":462,"orderno":769,"productid":"194","productname":"Balanced Weight Control","linetotal":"99","subtotal":"99"}
{"itemno":474,"orderno":774,"productid":"195","productname":"Balanced Perform","linetotal":"144","subtotal":"149"}
{"itemno":460,"orderno":768,"productid":"194","productname":"Balanced Weight Control","linetotal":"99","subtotal":"99"}
{"itemno":456,"orderno":767,"productid":"196","productname":"Balanced Pro","linetotal":"0","subtotal":"199"}
{"itemno":481,"orderno":777,"productid":"196","productname":"Balanced Pro","linetotal":"0","subtotal":"199"}
{"itemno":486,"orderno":781,"productid":"196","productname":"Balanced Pro","linetotal":"0","subtotal":"199"}
{"itemno":289,"orderno":510,"productid":"196","productname":"Balanced Pro","linetotal":"199","subtotal":"199"}
{"itemno":316,"orderno":553,"productid":"194","productname":"Balanced Weight Control","linetotal":"99","subtotal":"99"}
{"itemno":256,"orderno":466,"productid":"196","productname":"Balanced Pro","linetotal":"199","subtotal":"199"}
{"itemno":322,"orderno":555,"productid":"196","productname":"Balanced Pro","linetotal":"199","subtotal":"199"}
{"itemno":254,"orderno":465,"productid":"195","productname":"Balanced Perform","linetotal":"149","subtotal":"149"}
{"itemno":254,"orderno":465,"productid":"195","productname":"Balanced Perform","linetotal":"149","subtotal":"149"}
{"itemno":312,"orderno":543,"productid":"196","productname":"Balanced Pro","linetotal":"199","subtotal":"199"}
{"itemno":314,"orderno":551,"productid":"196","productname":"Balanced Pro","linetotal":"199","subtotal":"199"}
{"itemno":227,"orderno":454,"productid":"196","productname":"Balanced Pro","linetotal":"199","subtotal":"199"}
{"itemno":291,"orderno":514,"productid":"194","productname":"Balanced Weight Control","linetotal":"89.1","subtotal":"99"}
{"itemno":335,"orderno":562,"productid":"196","productname":"Balanced Pro","linetotal":"199","subtotal":"199"}
{"itemno":345,"orderno":578,"productid":"196","productname":"Balanced Pro","linetotal":"199","subtotal":"199"}
{"itemno":328,"orderno":560,"productid":"196","productname":"Balanced Pro","linetotal":"199","subtotal":"199"}
{"itemno":346,"orderno":579,"productid":"196","productname":"Balanced Pro","linetotal":"199","subtotal":"199"}
{"itemno":333,"orderno":561,"productid":"194","productname":"Balanced Weight Control","linetotal":"99","subtotal":"99"}
{"itemno":347,"orderno":580,"productid":"196","productname":"Balanced Pro","linetotal":"199","subtotal":"199"}
{"itemno":352,"orderno":584,"productid":"196","productname":"Balanced Pro","linetotal":"199","subtotal":"199"}
{"itemno":287,"orderno":509,"productid":"196","productname":"Balanced Pro","linetotal":"199","subtotal":"199"}
{"itemno":344,"orderno":577,"productid":"196","productname":"Balanced Pro","linetotal":"199","subtotal":"199"}
{"itemno":310,"orderno":541,"productid":"196","productname":"Balanced Pro","linetotal":"199","subtotal":"199"}
{"itemno":378,"orderno":660,"productid":"194","productname":"Balanced Weight Control","linetotal":"89","subtotal":"99"}
{"itemno":342,"orderno":575,"productid":"195","productname":"Balanced Perform","linetotal":"298","subtotal":"298"}
{"itemno":342,"orderno":575,"productid":"195","productname":"Balanced Perform","linetotal":"298","subtotal":"298"}
{"itemno":365,"orderno":592,"productid":"194","productname":"Balanced Weight Control","linetotal":"89","subtotal":"99"}
{"itemno":387,"orderno":701,"productid":"194","productname":"Balanced Weight Control","linetotal":"99","subtotal":"99"}
{"itemno":363,"orderno":591,"productid":"196","productname":"Balanced Pro","linetotal":"199","subtotal":"199"}
{"itemno":381,"orderno":696,"productid":"196","productname":"Balanced Pro","linetotal":"0","subtotal":"199"}
{"itemno":384,"orderno":697,"productid":"196","productname":"Balanced Pro","linetotal":"0","subtotal":"199"}
{"itemno":368,"orderno":650,"productid":"196","productname":"Balanced Pro","linetotal":"0","subtotal":"199"}
{"itemno":393,"orderno":711,"productid":"194","productname":"Balanced Weight Control","linetotal":"99","subtotal":"99"}
{"itemno":389,"orderno":702,"productid":"196","productname":"Balanced Pro","linetotal":"199","subtotal":"199"}
{"itemno":402,"orderno":719,"productid":"194","productname":"Balanced Weight Control","linetotal":"198","subtotal":"198"}
{"itemno":402,"orderno":719,"productid":"194","productname":"Balanced Weight Control","linetotal":"198","subtotal":"198"}
{"itemno":405,"orderno":721,"productid":"194","productname":"Balanced Weight Control","linetotal":"99","subtotal":"99"}
{"itemno":397,"orderno":718,"productid":"196","productname":"Balanced Pro","linetotal":"199","subtotal":"199"}
{"itemno":409,"orderno":730,"productid":"194","productname":"Balanced Weight Control","linetotal":"99","subtotal":"99"}
{"itemno":403,"orderno":720,"productid":"196","productname":"Balanced Pro","linetotal":"199","subtotal":"199"}
{"itemno":395,"orderno":712,"productid":"196","productname":"Balanced Pro","linetotal":"199","subtotal":"199"}
{"itemno":417,"orderno":735,"productid":"194","productname":"Balanced Weight Control","linetotal":"99","subtotal":"99"}
{"itemno":407,"orderno":728,"productid":"194","productname":"Balanced Weight Control","linetotal":"99","subtotal":"99"}
{"itemno":438,"orderno":739,"productid":"194","productname":"Balanced Weight Control","linetotal":"89","subtotal":"99"}
{"itemno":423,"orderno":736,"productid":"194","productname":"Balanced Weight Control","linetotal":"188","subtotal":"198"}
{"itemno":423,"orderno":736,"productid":"194","productname":"Balanced Weight Control","linetotal":"188","subtotal":"198"}
{"itemno":448,"orderno":756,"productid":"196","productname":"Balanced Pro","linetotal":"0","subtotal":"199"}
{"itemno":441,"orderno":749,"productid":"194","productname":"Balanced Weight Control","linetotal":"94","subtotal":"99"}
{"itemno":451,"orderno":765,"productid":"196","productname":"Balanced Pro","linetotal":"0","subtotal":"199"}
{"itemno":372,"orderno":659,"productid":"196","productname":"Balanced Pro","linetotal":"0","subtotal":"199"}
{"itemno":436,"orderno":738,"productid":"194","productname":"Balanced Weight Control","linetotal":"99","subtotal":"99"}
{"itemno":444,"orderno":755,"productid":"196","productname":"Balanced Pro","linetotal":"0","subtotal":"199"}
{"itemno":460,"orderno":768,"productid":"194","productname":"Balanced Weight Control","linetotal":"99","subtotal":"99"}
{"itemno":454,"orderno":766,"productid":"194","productname":"Balanced Weight Control","linetotal":"99","subtotal":"99"}
{"itemno":349,"orderno":583,"productid":"196","productname":"Balanced Pro","linetotal":"199","subtotal":"199"}
{"itemno":431,"orderno":737,"productid":"194","productname":"Balanced Weight Control","linetotal":"94","subtotal":"99"}
{"itemno":466,"orderno":772,"productid":"195","productname":"Balanced Perform","linetotal":"119","subtotal":"149"}
{"itemno":474,"orderno":774,"productid":"195","productname":"Balanced Perform","linetotal":"144","subtotal":"149"}
{"itemno":464,"orderno":770,"productid":"194","productname":"Balanced Weight Control","linetotal":"99","subtotal":"99"}
{"itemno":391,"orderno":709,"productid":"194","productname":"Balanced Weight Control","linetotal":"99","subtotal":"99"}
{"itemno":336,"orderno":563,"productid":"196","productname":"Balanced Pro","linetotal":"199","subtotal":"199"}
{"itemno":227,"orderno":454,"productid":"196","productname":"Balanced Pro","linetotal":"199","subtotal":"199"}
{"itemno":254,"orderno":465,"productid":"195","productname":"Balanced Perform","linetotal":"149","subtotal":"149"}
{"itemno":254,"orderno":465,"productid":"195","productname":"Balanced Perform","linetotal":"149","subtotal":"149"}
{"itemno":314,"orderno":551,"productid":"196","productname":"Balanced Pro","linetotal":"199","subtotal":"199"}
{"itemno":287,"orderno":509,"productid":"196","productname":"Balanced Pro","linetotal":"199","subtotal":"199"}
{"itemno":336,"orderno":563,"productid":"196","productname":"Balanced Pro","linetotal":"199","subtotal":"199"}
{"itemno":312,"orderno":543,"productid":"196","productname":"Balanced Pro","linetotal":"199","subtotal":"199"}
{"itemno":316,"orderno":553,"productid":"194","productname":"Balanced Weight Control","linetotal":"99","subtotal":"99"}
{"itemno":291,"orderno":514,"productid":"194","productname":"Balanced Weight Control","linetotal":"89.1","subtotal":"99"}
{"itemno":256,"orderno":466,"productid":"196","productname":"Balanced Pro","linetotal":"199","subtotal":"199"}
{"itemno":289,"orderno":510,"productid":"196","productname":"Balanced Pro","linetotal":"199","subtotal":"199"}
{"itemno":335,"orderno":562,"productid":"196","productname":"Balanced Pro","linetotal":"199","subtotal":"199"}
{"itemno":322,"orderno":555,"productid":"196","productname":"Balanced Pro","linetotal":"199","subtotal":"199"}
{"itemno":345,"orderno":578,"productid":"196","productname":"Balanced Pro","linetotal":"199","subtotal":"199"}
{"itemno":333,"orderno":561,"productid":"194","productname":"Balanced Weight Control","linetotal":"99","subtotal":"99"}
{"itemno":344,"orderno":577,"productid":"196","productname":"Balanced Pro","linetotal":"199","subtotal":"199"}
{"itemno":310,"orderno":541,"productid":"196","productname":"Balanced Pro","linetotal":"199","subtotal":"199"}
{"itemno":352,"orderno":584,"productid":"196","productname":"Balanced Pro","linetotal":"199","subtotal":"199"}
{"itemno":347,"orderno":580,"productid":"196","productname":"Balanced Pro","linetotal":"199","subtotal":"199"}
{"itemno":349,"orderno":583,"productid":"196","productname":"Balanced Pro","linetotal":"199","subtotal":"199"}
{"itemno":365,"orderno":592,"productid":"194","productname":"Balanced Weight Control","linetotal":"89","subtotal":"99"}
{"itemno":342,"orderno":575,"productid":"195","productname":"Balanced Perform","linetotal":"298","subtotal":"298"}
{"itemno":342,"orderno":575,"productid":"195","productname":"Balanced Perform","linetotal":"298","subtotal":"298"}
{"itemno":381,"orderno":696,"productid":"196","productname":"Balanced Pro","linetotal":"0","subtotal":"199"}
{"itemno":363,"orderno":591,"productid":"196","productname":"Balanced Pro","linetotal":"199","subtotal":"199"}
{"itemno":372,"orderno":659,"productid":"196","productname":"Balanced Pro","linetotal":"0","subtotal":"199"}
{"itemno":368,"orderno":650,"productid":"196","productname":"Balanced Pro","linetotal":"0","subtotal":"199"}
{"itemno":346,"orderno":579,"productid":"196","productname":"Balanced Pro","linetotal":"199","subtotal":"199"}
{"itemno":384,"orderno":697,"productid":"196","productname":"Balanced Pro","linetotal":"0","subtotal":"199"}
{"itemno":378,"orderno":660,"productid":"194","productname":"Balanced Weight Control","linetotal":"89","subtotal":"99"}
{"itemno":391,"orderno":709,"productid":"194","productname":"Balanced Weight Control","linetotal":"99","subtotal":"99"}
{"itemno":389,"orderno":702,"productid":"196","productname":"Balanced Pro","linetotal":"199","subtotal":"199"}
{"itemno":387,"orderno":701,"productid":"194","productname":"Balanced Weight Control","linetotal":"99","subtotal":"99"}
{"itemno":403,"orderno":720,"productid":"196","productname":"Balanced Pro","linetotal":"199","subtotal":"199"}
{"itemno":397,"orderno":718,"productid":"196","productname":"Balanced Pro","linetotal":"199","subtotal":"199"}
{"itemno":409,"orderno":730,"productid":"194","productname":"Balanced Weight Control","linetotal":"99","subtotal":"99"}
{"itemno":402,"orderno":719,"productid":"194","productname":"Balanced Weight Control","linetotal":"198","subtotal":"198"}
{"itemno":402,"orderno":719,"productid":"194","productname":"Balanced Weight Control","linetotal":"198","subtotal":"198"}
{"itemno":395,"orderno":712,"productid":"196","productname":"Balanced Pro","linetotal":"199","subtotal":"199"}
{"itemno":423,"orderno":736,"productid":"194","productname":"Balanced Weight Control","linetotal":"188","subtotal":"198"}
{"itemno":423,"orderno":736,"productid":"194","productname":"Balanced Weight Control","linetotal":"188","subtotal":"198"}
{"itemno":417,"orderno":735,"productid":"194","productname":"Balanced Weight Control","linetotal":"99","subtotal":"99"}
{"itemno":444,"orderno":755,"productid":"196","productname":"Balanced Pro","linetotal":"0","subtotal":"199"}
{"itemno":431,"orderno":737,"productid":"194","productname":"Balanced Weight Control","linetotal":"94","subtotal":"99"}
{"itemno":405,"orderno":721,"productid":"194","productname":"Balanced Weight Control","linetotal":"99","subtotal":"99"}
{"itemno":438,"orderno":739,"productid":"194","productname":"Balanced Weight Control","linetotal":"89","subtotal":"99"}
{"itemno":454,"orderno":766,"productid":"194","productname":"Balanced Weight Control","linetotal":"99","subtotal":"99"}
{"itemno":407,"orderno":728,"productid":"194","productname":"Balanced Weight Control","linetotal":"99","subtotal":"99"}
{"itemno":436,"orderno":738,"productid":"194","productname":"Balanced Weight Control","linetotal":"99","subtotal":"99"}
{"itemno":448,"orderno":756,"productid":"196","productname":"Balanced Pro","linetotal":"0","subtotal":"199"}
{"itemno":479,"orderno":776,"productid":"194","productname":"Balanced Weight Control","linetotal":"99","subtotal":"99"}
{"itemno":451,"orderno":765,"productid":"196","productname":"Balanced Pro","linetotal":"0","subtotal":"199"}
{"itemno":441,"orderno":749,"productid":"194","productname":"Balanced Weight Control","linetotal":"94","subtotal":"99"}
{"itemno":466,"orderno":772,"productid":"195","productname":"Balanced Perform","linetotal":"119","subtotal":"149"}
{"itemno":393,"orderno":711,"productid":"194","productname":"Balanced Weight Control","linetotal":"99","subtotal":"99"}
{"itemno":469,"orderno":773,"productid":"194","productname":"Balanced Weight Control","linetotal":"99","subtotal":"99"}
{"itemno":474,"orderno":774,"productid":"195","productname":"Balanced Perform","linetotal":"144","subtotal":"149"}
{"itemno":464,"orderno":770,"productid":"194","productname":"Balanced Weight Control","linetotal":"99","subtotal":"99"}
{"itemno":481,"orderno":777,"productid":"196","productname":"Balanced Pro","linetotal":"0","subtotal":"199"}
{"itemno":462,"orderno":769,"productid":"194","productname":"Balanced Weight Control","linetotal":"99","subtotal":"99"}
{"itemno":486,"orderno":781,"productid":"196","productname":"Balanced Pro","linetotal":"0","subtotal":"199"}
{"itemno":460,"orderno":768,"productid":"194","productname":"Balanced Weight Control","linetotal":"99","subtotal":"99"}
{"itemno":456,"orderno":767,"productid":"196","productname":"Balanced Pro","linetotal":"0","subtotal":"199"}
{"itemno":227,"orderno":454,"productid":"196","productname":"Balanced Pro","linetotal":"199","subtotal":"199"}
{"itemno":254,"orderno":465,"productid":"195","productname":"Balanced Perform","linetotal":"149","subtotal":"149"}
{"itemno":254,"orderno":465,"productid":"195","productname":"Balanced Perform","linetotal":"149","subtotal":"149"}
{"itemno":310,"orderno":541,"productid":"196","productname":"Balanced Pro","linetotal":"199","subtotal":"199"}
{"itemno":316,"orderno":553,"productid":"194","productname":"Balanced Weight Control","linetotal":"99","subtotal":"99"}
{"itemno":291,"orderno":514,"productid":"194","productname":"Balanced Weight Control","linetotal":"89.1","subtotal":"99"}
{"itemno":256,"orderno":466,"productid":"196","productname":"Balanced Pro","linetotal":"199","subtotal":"199"}
{"itemno":287,"orderno":509,"productid":"196","productname":"Balanced Pro","linetotal":"199","subtotal":"199"}
{"itemno":322,"orderno":555,"productid":"196","productname":"Balanced Pro","linetotal":"199","subtotal":"199"}
{"itemno":335,"orderno":562,"productid":"196","productname":"Balanced Pro","linetotal":"199","subtotal":"199"}
{"itemno":312,"orderno":543,"productid":"196","productname":"Balanced Pro","linetotal":"199","subtotal":"199"}
{"itemno":347,"orderno":580,"productid":"196","productname":"Balanced Pro","linetotal":"199","subtotal":"199"}
{"itemno":227,"orderno":454,"productid":"196","productname":"Balanced Pro","linetotal":"199","subtotal":"199"}
{"itemno":346,"orderno":579,"productid":"196","productname":"Balanced Pro","linetotal":"199","subtotal":"199"}
{"itemno":344,"orderno":577,"productid":"196","productname":"Balanced Pro","linetotal":"199","subtotal":"199"}
{"itemno":345,"orderno":578,"productid":"196","productname":"Balanced Pro","linetotal":"199","subtotal":"199"}
{"itemno":328,"orderno":560,"productid":"196","productname":"Balanced Pro","linetotal":"199","subtotal":"199"}
{"itemno":333,"orderno":561,"productid":"194","productname":"Balanced Weight Control","linetotal":"99","subtotal":"99"}
{"itemno":314,"orderno":551,"productid":"196","productname":"Balanced Pro","linetotal":"199","subtotal":"199"}
{"itemno":336,"orderno":563,"productid":"196","productname":"Balanced Pro","linetotal":"199","subtotal":"199"}
{"itemno":342,"orderno":575,"productid":"195","productname":"Balanced Perform","linetotal":"298","subtotal":"298"}
{"itemno":363,"orderno":591,"productid":"196","productname":"Balanced Pro","linetotal":"199","subtotal":"199"}
{"itemno":342,"orderno":575,"productid":"195","productname":"Balanced Perform","linetotal":"298","subtotal":"298"}
{"itemno":368,"orderno":650,"productid":"196","productname":"Balanced Pro","linetotal":"0","subtotal":"199"}
{"itemno":372,"orderno":659,"productid":"196","productname":"Balanced Pro","linetotal":"0","subtotal":"199"}
{"itemno":381,"orderno":696,"productid":"196","productname":"Balanced Pro","linetotal":"0","subtotal":"199"}
{"itemno":384,"orderno":697,"productid":"196","productname":"Balanced Pro","linetotal":"0","subtotal":"199"}
{"itemno":393,"orderno":711,"productid":"194","productname":"Balanced Weight Control","linetotal":"99","subtotal":"99"}
{"itemno":289,"orderno":510,"productid":"196","productname":"Balanced Pro","linetotal":"199","subtotal":"199"}
{"itemno":349,"orderno":583,"productid":"196","productname":"Balanced Pro","linetotal":"199","subtotal":"199"}
{"itemno":391,"orderno":709,"productid":"194","productname":"Balanced Weight Control","linetotal":"99","subtotal":"99"}
{"itemno":397,"orderno":718,"productid":"196","productname":"Balanced Pro","linetotal":"199","subtotal":"199"}
{"itemno":378,"orderno":660,"productid":"194","productname":"Balanced Weight Control","linetotal":"89","subtotal":"99"}
{"itemno":405,"orderno":721,"productid":"194","productname":"Balanced Weight Control","linetotal":"99","subtotal":"99"}
{"itemno":402,"orderno":719,"productid":"194","productname":"Balanced Weight Control","linetotal":"198","subtotal":"198"}
{"itemno":402,"orderno":719,"productid":"194","productname":"Balanced Weight Control","linetotal":"198","subtotal":"198"}
{"itemno":389,"orderno":702,"productid":"196","productname":"Balanced Pro","linetotal":"199","subtotal":"199"}
{"itemno":395,"orderno":712,"productid":"196","productname":"Balanced Pro","linetotal":"199","subtotal":"199"}
{"itemno":407,"orderno":728,"productid":"194","productname":"Balanced Weight Control","linetotal":"99","subtotal":"99"}
{"itemno":409,"orderno":730,"productid":"194","productname":"Balanced Weight Control","linetotal":"99","subtotal":"99"}
{"itemno":423,"orderno":736,"productid":"194","productname":"Balanced Weight Control","linetotal":"188","subtotal":"198"}
{"itemno":431,"orderno":737,"productid":"194","productname":"Balanced Weight Control","linetotal":"94","subtotal":"99"}
{"itemno":423,"orderno":736,"productid":"194","productname":"Balanced Weight Control","linetotal":"188","subtotal":"198"}
{"itemno":444,"orderno":755,"productid":"196","productname":"Balanced Pro","linetotal":"0","subtotal":"199"}
{"itemno":436,"orderno":738,"productid":"194","productname":"Balanced Weight Control","linetotal":"99","subtotal":"99"}
{"itemno":387,"orderno":701,"productid":"194","productname":"Balanced Weight Control","linetotal":"99","subtotal":"99"}
{"itemno":352,"orderno":584,"productid":"196","productname":"Balanced Pro","linetotal":"199","subtotal":"199"}
{"itemno":448,"orderno":756,"productid":"196","productname":"Balanced Pro","linetotal":"0","subtotal":"199"}
{"itemno":438,"orderno":739,"productid":"194","productname":"Balanced Weight Control","linetotal":"89","subtotal":"99"}
{"itemno":417,"orderno":735,"productid":"194","productname":"Balanced Weight Control","linetotal":"99","subtotal":"99"}
{"itemno":454,"orderno":766,"productid":"194","productname":"Balanced Weight Control","linetotal":"99","subtotal":"99"}
{"itemno":456,"orderno":767,"productid":"196","productname":"Balanced Pro","linetotal":"0","subtotal":"199"}
{"itemno":365,"orderno":592,"productid":"194","productname":"Balanced Weight Control","linetotal":"89","subtotal":"99"}
{"itemno":451,"orderno":765,"productid":"196","productname":"Balanced Pro","linetotal":"0","subtotal":"199"}
{"itemno":403,"orderno":720,"productid":"196","productname":"Balanced Pro","linetotal":"199","subtotal":"199"}
{"itemno":466,"orderno":772,"productid":"195","productname":"Balanced Perform","linetotal":"119","subtotal":"149"}
{"itemno":469,"orderno":773,"productid":"194","productname":"Balanced Weight Control","linetotal":"99","subtotal":"99"}
{"itemno":441,"orderno":749,"productid":"194","productname":"Balanced Weight Control","linetotal":"94","subtotal":"99"}
{"itemno":474,"orderno":774,"productid":"195","productname":"Balanced Perform","linetotal":"144","subtotal":"149"}
{"itemno":464,"orderno":770,"productid":"194","productname":"Balanced Weight Control","linetotal":"99","subtotal":"99"}
{"itemno":479,"orderno":776,"productid":"194","productname":"Balanced Weight Control","linetotal":"99","subtotal":"99"}
{"itemno":486,"orderno":781,"productid":"196","productname":"Balanced Pro","linetotal":"0","subtotal":"199"}
{"itemno":481,"orderno":777,"productid":"196","productname":"Balanced Pro","linetotal":"0","subtotal":"199"}
